Performing C SOURCE FILE Test CMAKE_HAVE_LIBC_PTHREAD failed with the following output:
Change Dir: /home/haotian/CSC419/geometry-processing-deformation/b/CMakeFiles/CMakeTmp

Run Build Command(s):/usr/bin/make cmTC_6557c/fast && /usr/bin/make -f CMakeFiles/cmTC_6557c.dir/build.make CMakeFiles/cmTC_6557c.dir/build
make[1]: Entering directory '/home/haotian/Dropbox/UofT/CSC419/geometry-processing-deformation/b/CMakeFiles/CMakeTmp'
Building C object CMakeFiles/cmTC_6557c.dir/src.c.o
/usr/bin/cc   -fPIC -DCMAKE_HAVE_LIBC_PTHREAD   -o CMakeFiles/cmTC_6557c.dir/src.c.o   -c /home/haotian/CSC419/geometry-processing-deformation/b/CMakeFiles/CMakeTmp/src.c
Linking C executable cmTC_6557c
/usr/bin/cmake -E cmake_link_script CMakeFiles/cmTC_6557c.dir/link.txt --verbose=1
/usr/bin/cc  -fPIC -DCMAKE_HAVE_LIBC_PTHREAD    -rdynamic CMakeFiles/cmTC_6557c.dir/src.c.o  -o cmTC_6557c 
/usr/bin/ld: CMakeFiles/cmTC_6557c.dir/src.c.o: in function `main':
src.c:(.text+0x46): undefined reference to `pthread_create'
/usr/bin/ld: src.c:(.text+0x52): undefined reference to `pthread_detach'
/usr/bin/ld: src.c:(.text+0x63): undefined reference to `pthread_join'
collect2: error: ld returned 1 exit status
make[1]: *** [CMakeFiles/cmTC_6557c.dir/build.make:87: cmTC_6557c] Error 1
make[1]: Leaving directory '/home/haotian/Dropbox/UofT/CSC419/geometry-processing-deformation/b/CMakeFiles/CMakeTmp'
make: *** [Makefile:121: cmTC_6557c/fast] Error 2


Source file was:
#include <pthread.h>

void* test_func(void* data)
{
  return data;
}

int main(void)
{
  pthread_t thread;
  pthread_create(&thread, NULL, test_func, NULL);
  pthread_detach(thread);
  pthread_join(thread, NULL);
  pthread_atfork(NULL, NULL, NULL);
  pthread_exit(NULL);

  return 0;
}

Determining if the function pthread_create exists in the pthreads failed with the following output:
Change Dir: /home/haotian/CSC419/geometry-processing-deformation/b/CMakeFiles/CMakeTmp

Run Build Command(s):/usr/bin/make cmTC_06fcf/fast && /usr/bin/make -f CMakeFiles/cmTC_06fcf.dir/build.make CMakeFiles/cmTC_06fcf.dir/build
make[1]: Entering directory '/home/haotian/Dropbox/UofT/CSC419/geometry-processing-deformation/b/CMakeFiles/CMakeTmp'
Building C object CMakeFiles/cmTC_06fcf.dir/CheckFunctionExists.c.o
/usr/bin/cc   -fPIC -DCHECK_FUNCTION_EXISTS=pthread_create   -o CMakeFiles/cmTC_06fcf.dir/CheckFunctionExists.c.o   -c /usr/share/cmake-3.16/Modules/CheckFunctionExists.c
Linking C executable cmTC_06fcf
/usr/bin/cmake -E cmake_link_script CMakeFiles/cmTC_06fcf.dir/link.txt --verbose=1
/usr/bin/cc  -fPIC -DCHECK_FUNCTION_EXISTS=pthread_create    -rdynamic CMakeFiles/cmTC_06fcf.dir/CheckFunctionExists.c.o  -o cmTC_06fcf  -lpthreads 
/usr/bin/ld: cannot find -lpthreads
collect2: error: ld returned 1 exit status
make[1]: *** [CMakeFiles/cmTC_06fcf.dir/build.make:87: cmTC_06fcf] Error 1
make[1]: Leaving directory '/home/haotian/Dropbox/UofT/CSC419/geometry-processing-deformation/b/CMakeFiles/CMakeTmp'
make: *** [Makefile:121: cmTC_06fcf/fast] Error 2



